生成启动时间为 2016/3/4 13:25:20。
     1>项目“E:\编程练习\LeetCodeInOneProject\main\main.vcxproj”在节点 2 上(Build 个目标)。
     1>InitializeBuildStatus:
         正在创建“Debug\main.tlog\unsuccessfulbuild”，因为已指定“AlwaysCreate”。
       ClCompile:
         D:\Microsoft Visual Studio 14.0\VC\bin\CL.exe /c /ZI /nologo /W3 /WX- /Od /Oy- /D WIN32 /D _DEBUG /D _CONSOLE /D _UNICODE /D UNICODE /Gm /EHsc /RTC1 /MDd /GS /fp:precise /Zc:wchar_t /Zc:forScope /Zc:inline /Fo"Debug\\" /Fd"Debug\vc140.pdb" /Gd /TP /analyze- /errorReport:prompt main.cpp
         main.cpp
     1>e:\编程练习\leetcodeinoneproject\main\main.cpp(8): warning C4477: 'printf' : format string '%x' requires an argument of type 'unsigned int', but variadic argument 1 has type '__int64'
         e:\编程练习\leetcodeinoneproject\main\main.cpp(8): note: consider using '%llx' in the format string
         e:\编程练习\leetcodeinoneproject\main\main.cpp(8): note: consider using '%I64x' in the format string
     1>e:\编程练习\leetcodeinoneproject\main\main.cpp(9): warning C4477: 'printf' : format string '%x' requires an argument of type 'unsigned int', but variadic argument 1 has type '__int64'
         e:\编程练习\leetcodeinoneproject\main\main.cpp(9): note: consider using '%llx' in the format string
         e:\编程练习\leetcodeinoneproject\main\main.cpp(9): note: consider using '%I64x' in the format string
     1>e:\编程练习\leetcodeinoneproject\main\main.cpp(9): warning C4473: “printf”: 没有为格式字符串传递足够的参数
         e:\编程练习\leetcodeinoneproject\main\main.cpp(9): note: placeholders and their parameters expect 2 variadic arguments, but 1 were provided
         e:\编程练习\leetcodeinoneproject\main\main.cpp(9): note: the missing variadic argument 2 is required by format string '%x'
       Link:
         D:\Microsoft Visual Studio 14.0\VC\bin\link.exe /ERRORREPORT:PROMPT /OUT:"E:\编程练习\LeetCodeInOneProject\Debug\main.exe" /INCREMENTAL /NOLOGO kernel32.lib user32.lib gdi32.lib winspool.lib comdlg32.lib advapi32.lib shell32.lib ole32.lib oleaut32.lib uuid.lib odbc32.lib odbccp32.lib /MANIFEST /MANIFESTUAC:"level='asInvoker' uiAccess='false'" /manifest:embed /Debug /PDB:"E:\编程练习\LeetCodeInOneProject\Debug\main.pdb" /SUBSYSTEM:CONSOLE /TLBID:1 /DYNAMICBASE /NXCOMPAT /IMPLIB:"E:\编程练习\LeetCodeInOneProject\Debug\main.lib" /MACHINE:X86 Debug\main.obj
         main.vcxproj -> E:\编程练习\LeetCodeInOneProject\Debug\main.exe
       FinalizeBuildStatus:
         正在删除文件“Debug\main.tlog\unsuccessfulbuild”。
         正在对“Debug\main.tlog\main.lastbuildstate”执行 Touch 任务。
     1>已完成生成项目“E:\编程练习\LeetCodeInOneProject\main\main.vcxproj”(Build 个目标)的操作。

已成功生成。

已用时间 00:00:00.96
